2025-08-01 11:30:58.627  INFO 6484 --- [main] c.a.n.client.env.SearchableProperties    : properties search order:PROPERTIES->JVM->ENV->DEFAULT_SETTING
2025-08-01 11:30:58.727  INFO 6484 --- [main] com.example.CustomerServiceApplication   : Starting CustomerServiceApplication using Java 1.8.0_131 on Hola-UI with PID 6484 (D:\Downloads\microserviceDemo\customerService\target\classes started by Admin in D:\Downloads\microserviceDemo)
2025-08-01 11:30:58.729  INFO 6484 --- [main] com.example.CustomerServiceApplication   : No active profile set, falling back to 1 default profile: "default"
2025-08-01 11:30:59.469  INFO 6484 --- [main] o.s.cloud.context.scope.GenericScope     : BeanFactory id=a2d1fcc9-125c-3e67-8399-16f05587d075
2025-08-01 11:30:59.718  INFO 6484 --- [main] o.s.b.w.embedded.tomcat.TomcatWebServer  : Tomcat initialized with port(s): 8082 (http)
2025-08-01 11:30:59.726  INFO 6484 --- [main] o.apache.catalina.core.StandardService   : Starting service [Tomcat]
2025-08-01 11:30:59.728  INFO 6484 --- [main] org.apache.catalina.core.StandardEngine  : Starting Servlet engine: [Apache Tomcat/9.0.83]
2025-08-01 11:30:59.824  INFO 6484 --- [main] o.a.c.c.C.[Tomcat].[localhost].[/]       : Initializing Spring embedded WebApplicationContext
2025-08-01 11:30:59.824  INFO 6484 --- [main] w.s.c.ServletWebServerApplicationContext : Root WebApplicationContext: initialization completed in 1032 ms
2025-08-01 11:31:00.051  INFO 6484 --- [main] o.s.c.openfeign.FeignClientFactoryBean   : For 'provider-service' URL not provided. Will try picking an instance via load-balancing.
2025-08-01 11:31:01.310  WARN 6484 --- [main] iguration$LoadBalancerCaffeineWarnLogger : Spring Cloud LoadBalancer is currently working with the default cache. While this cache implementation is useful for development and tests, it's recommended to use Caffeine cache in production.You can switch to using Caffeine cache, by adding it and org.springframework.cache.caffeine.CaffeineCacheManager to the classpath.
2025-08-01 11:31:01.319  INFO 6484 --- [main] o.s.b.a.e.web.EndpointLinksResolver      : Exposing 18 endpoint(s) beneath base path '/actuator'
2025-08-01 11:31:01.436  INFO 6484 --- [main] o.s.b.w.embedded.tomcat.TomcatWebServer  : Tomcat started on port(s): 8082 (http) with context path ''
2025-08-01 11:31:01.515  INFO 6484 --- [main] c.a.n.p.a.s.c.ClientAuthPluginManager    : [ClientAuthPluginManager] Load ClientAuthService com.alibaba.nacos.client.auth.impl.NacosClientAuthServiceImpl success.
2025-08-01 11:31:01.515  INFO 6484 --- [main] c.a.n.p.a.s.c.ClientAuthPluginManager    : [ClientAuthPluginManager] Load ClientAuthService com.alibaba.nacos.client.auth.ram.RamClientAuthServiceImpl success.
2025-08-01 11:31:03.000  INFO 6484 --- [main] c.a.c.n.registry.NacosServiceRegistry    : nacos registry, DEFAULT_GROUP customer-service 192.168.0.103:8082 register finished
2025-08-01 11:31:03.279  INFO 6484 --- [main] com.example.CustomerServiceApplication   : Started CustomerServiceApplication in 5.342 seconds (JVM running for 6.178)
2025-08-01 11:31:03.874  INFO 6484 --- [RMI TCP Connection(4)-192.168.0.103] o.a.c.c.C.[Tomcat].[localhost].[/]       : Initializing Spring DispatcherServlet 'dispatcherServlet'
2025-08-01 11:31:03.875  INFO 6484 --- [RMI TCP Connection(4)-192.168.0.103] o.s.web.servlet.DispatcherServlet        : Initializing Servlet 'dispatcherServlet'
2025-08-01 11:31:03.876  INFO 6484 --- [RMI TCP Connection(4)-192.168.0.103] o.s.web.servlet.DispatcherServlet        : Completed initialization in 1 ms
2025-08-01 11:32:09.028  WARN 6484 --- [Thread-12] c.a.nacos.common.notify.NotifyCenter     : [NotifyCenter] Start destroying Publisher
2025-08-01 11:32:09.028  WARN 6484 --- [Thread-15] c.a.n.common.http.HttpClientBeanHolder   : [HttpClientBeanHolder] Start destroying common HttpClient
2025-08-01 11:32:09.028  WARN 6484 --- [Thread-12] c.a.nacos.common.notify.NotifyCenter     : [NotifyCenter] Destruction of the end
2025-08-01 11:32:09.030  WARN 6484 --- [Thread-15] c.a.n.common.http.HttpClientBeanHolder   : [HttpClientBeanHolder] Destruction of the end
2025-08-01 11:32:09.143  INFO 6484 --- [SpringApplicationShutdownHook] c.a.c.n.registry.NacosServiceRegistry    : De-registering from Nacos Server now...
2025-08-01 11:32:09.147  INFO 6484 --- [SpringApplicationShutdownHook] c.a.c.n.registry.NacosServiceRegistry    : De-registration finished.
